<?xml version="1.0" encoding="UTF-8"?>
<testng-results ignored="0" total="1" passed="1" failed="0" skipped="0">
  <reporter-output>
  </reporter-output>
  <suite started-at="2021-02-26T22:57:52 IST" name="Default suite" finished-at="2021-02-26T22:57:52 IST" duration-ms="73">
    <groups>
    </groups>
    <test started-at="2021-02-26T22:57:52 IST" name="Default test" finished-at="2021-02-26T22:57:52 IST" duration-ms="73">
      <class name="mavenerror.Repository">
        <test-method signature="demo()[pri:0, instance:mavenerror.Repository@50ad3bc1]" started-at="2021-02-26T22:57:52 IST" name="demo" finished-at="2021-02-26T22:57:52 IST" duration-ms="14" status="PASS">
          <reporter-output>
          </reporter-output>
        </test-method> <!-- demo -->
      </class> <!-- mavenerror.Repository -->
    </test> <!-- Default test -->
  </suite> <!-- Default suite -->
</testng-results>
