<?xml version="1.0" encoding="UTF-8"?>
<testng-results ignored="0" total="1" passed="1" failed="0" skipped="0">
  <reporter-output>
  </reporter-output>
  <suite started-at="2021-02-25T23:13:04 IST" name="Default suite" finished-at="2021-02-25T23:13:12 IST" duration-ms="8000">
    <groups>
    </groups>
    <test started-at="2021-02-25T23:13:04 IST" name="Default test" finished-at="2021-02-25T23:13:12 IST" duration-ms="8000">
      <class name="Explicitwait.GetRect">
        <test-method signature="get_method()[pri:0, instance:Explicitwait.GetRect@932bc4a]" started-at="2021-02-25T23:13:04 IST" name="get_method" finished-at="2021-02-25T23:13:12 IST" duration-ms="7944" status="PASS">
          <reporter-output>
          </reporter-output>
        </test-method> <!-- get_method -->
      </class> <!-- Explicitwait.GetRect -->
    </test> <!-- Default test -->
  </suite> <!-- Default suite -->
</testng-results>
